2025-12-16 08:07:22,220 - C:\Users\bgrey\OneDrive\Escritorio\mascotas\Mascotas\proyecto_mascotas\core\services.py changed, reloading.
2025-12-16 08:07:27,781 - C:\Users\bgrey\OneDrive\Escritorio\mascotas\Mascotas\proyecto_mascotas\core\services.py changed, reloading.
2025-12-16 08:07:29,697 - C:\Users\bgrey\OneDrive\Escritorio\mascotas\Mascotas\proyecto_mascotas\core\services.py changed, reloading.
2025-12-16 08:07:36,646 - C:\Users\bgrey\OneDrive\Escritorio\mascotas\Mascotas\proyecto_mascotas\core\services.py changed, reloading.
2025-12-16 08:07:39,553 - C:\Users\bgrey\OneDrive\Escritorio\mascotas\Mascotas\proyecto_mascotas\core\services.py changed, reloading.
2025-12-16 08:07:46,575 - C:\Users\bgrey\OneDrive\Escritorio\mascotas\Mascotas\proyecto_mascotas\core\services.py changed, reloading.
2025-12-16 08:07:48,373 - C:\Users\bgrey\OneDrive\Escritorio\mascotas\Mascotas\proyecto_mascotas\core\services.py changed, reloading.
2025-12-16 08:08:11,508 - C:\Users\bgrey\OneDrive\Escritorio\mascotas\Mascotas\proyecto_mascotas\core\models.py changed, reloading.
2025-12-16 08:08:22,530 - C:\Users\bgrey\OneDrive\Escritorio\mascotas\Mascotas\proyecto_mascotas\core\views.py changed, reloading.
2025-12-16 08:08:36,602 - C:\Users\bgrey\OneDrive\Escritorio\mascotas\Mascotas\proyecto_mascotas\proyecto_mascotas\urls.py changed, reloading.
2025-12-16 08:48:41,891 - [AUDITORIA] Usuario: SISTEMA - Accion: Ejecutando IA para: rusia
2025-12-16 08:48:41,897 - [AUDITORIA] Usuario: Administrador - Accion: Busqueda IA: rusia
2025-12-16 08:48:49,267 - [AUDITORIA] Usuario: SISTEMA - Accion: Ejecutando IA para: roc
2025-12-16 08:48:49,272 - [AUDITORIA] Usuario: Administrador - Accion: Busqueda IA: roc
2025-12-16 08:48:53,499 - [AUDITORIA] Usuario: SISTEMA - Accion: Ejecutando IA para: rocky
2025-12-16 08:48:53,504 - [AUDITORIA] Usuario: Administrador - Accion: Busqueda IA: rocky
2025-12-16 08:48:54,379 - [AUDITORIA] Usuario: SISTEMA - Accion: Ejecutando IA para: rocky
2025-12-16 08:48:54,383 - [AUDITORIA] Usuario: Administrador - Accion: Busqueda IA: rocky
2025-12-16 08:49:04,124 - [AUDITORIA] Usuario: SISTEMA - Accion: Ejecutando IA para: BELLA
2025-12-16 08:49:04,131 - [AUDITORIA] Usuario: Administrador - Accion: Busqueda IA: BELLA
2025-12-16 08:49:25,788 - [AUDITORIA] Usuario: Administrador - Accion: Edito mascota Negro
2025-12-16 08:49:31,846 - [AUDITORIA] Usuario: SISTEMA - Accion: Ejecutando IA para: BLANCO
2025-12-16 08:49:31,852 - [AUDITORIA] Usuario: Administrador - Accion: Busqueda IA: BLANCO
2025-12-16 08:49:42,968 - [AUDITORIA] Usuario: SISTEMA - Accion: Ejecutando IA para: cicatriz
2025-12-16 08:49:42,972 - [AUDITORIA] Usuario: Administrador - Accion: Busqueda IA: cicatriz
2025-12-16 08:50:00,798 - [AUDITORIA] Usuario: Administrador - Accion: Elimino mascota Chloe
2025-12-16 08:50:03,095 - [AUDITORIA] Usuario: Administrador - Accion: Elimino mascota Kira
2025-12-16 08:50:05,314 - [AUDITORIA] Usuario: Administrador - Accion: Elimino mascota Bella
2025-12-16 08:50:08,538 - [AUDITORIA] Usuario: Administrador - Accion: Elimino mascota Negro
2025-12-16 08:50:10,599 - [AUDITORIA] Usuario: Administrador - Accion: Elimino mascota Negro
2025-12-16 08:54:54,362 - C:\Users\bgrey\OneDrive\Escritorio\mascotas\Mascotas\proyecto_mascotas\core\services.py changed, reloading.
2025-12-16 08:55:06,139 - C:\Users\bgrey\OneDrive\Escritorio\mascotas\Mascotas\proyecto_mascotas\core\services.py changed, reloading.
2025-12-16 08:55:10,108 - C:\Users\bgrey\OneDrive\Escritorio\mascotas\Mascotas\proyecto_mascotas\core\services.py changed, reloading.
2025-12-16 08:55:12,006 - C:\Users\bgrey\OneDrive\Escritorio\mascotas\Mascotas\proyecto_mascotas\core\services.py changed, reloading.
2025-12-16 08:55:21,989 - C:\Users\bgrey\OneDrive\Escritorio\mascotas\Mascotas\proyecto_mascotas\core\services.py changed, reloading.
2025-12-16 08:55:23,993 - C:\Users\bgrey\OneDrive\Escritorio\mascotas\Mascotas\proyecto_mascotas\core\services.py changed, reloading.
2025-12-16 08:55:26,826 - C:\Users\bgrey\OneDrive\Escritorio\mascotas\Mascotas\proyecto_mascotas\core\services.py changed, reloading.
2025-12-16 08:55:39,851 - C:\Users\bgrey\OneDrive\Escritorio\mascotas\Mascotas\proyecto_mascotas\core\services.py changed, reloading.
2025-12-16 08:55:43,824 - C:\Users\bgrey\OneDrive\Escritorio\mascotas\Mascotas\proyecto_mascotas\core\services.py changed, reloading.
2025-12-16 08:55:49,726 - C:\Users\bgrey\OneDrive\Escritorio\mascotas\Mascotas\proyecto_mascotas\core\services.py changed, reloading.
2025-12-16 08:55:52,577 - C:\Users\bgrey\OneDrive\Escritorio\mascotas\Mascotas\proyecto_mascotas\core\services.py changed, reloading.
2025-12-16 08:55:54,517 - C:\Users\bgrey\OneDrive\Escritorio\mascotas\Mascotas\proyecto_mascotas\core\services.py changed, reloading.
2025-12-16 08:56:10,330 - C:\Users\bgrey\OneDrive\Escritorio\mascotas\Mascotas\proyecto_mascotas\core\services.py changed, reloading.
2025-12-16 08:56:16,254 - C:\Users\bgrey\OneDrive\Escritorio\mascotas\Mascotas\proyecto_mascotas\core\services.py changed, reloading.
2025-12-16 08:56:22,139 - C:\Users\bgrey\OneDrive\Escritorio\mascotas\Mascotas\proyecto_mascotas\core\services.py changed, reloading.
2025-12-16 08:56:24,065 - C:\Users\bgrey\OneDrive\Escritorio\mascotas\Mascotas\proyecto_mascotas\core\services.py changed, reloading.
2025-12-16 08:56:28,986 - C:\Users\bgrey\OneDrive\Escritorio\mascotas\Mascotas\proyecto_mascotas\core\services.py changed, reloading.
2025-12-16 08:56:31,865 - C:\Users\bgrey\OneDrive\Escritorio\mascotas\Mascotas\proyecto_mascotas\core\services.py changed, reloading.
2025-12-16 08:56:33,757 - C:\Users\bgrey\OneDrive\Escritorio\mascotas\Mascotas\proyecto_mascotas\core\services.py changed, reloading.
2025-12-16 08:56:42,728 - C:\Users\bgrey\OneDrive\Escritorio\mascotas\Mascotas\proyecto_mascotas\core\services.py changed, reloading.
2025-12-16 08:56:47,662 - C:\Users\bgrey\OneDrive\Escritorio\mascotas\Mascotas\proyecto_mascotas\core\services.py changed, reloading.
2025-12-16 08:56:58,694 - C:\Users\bgrey\OneDrive\Escritorio\mascotas\Mascotas\proyecto_mascotas\core\services.py changed, reloading.
2025-12-16 08:57:05,741 - C:\Users\bgrey\OneDrive\Escritorio\mascotas\Mascotas\proyecto_mascotas\core\services.py changed, reloading.
2025-12-16 08:57:07,638 - C:\Users\bgrey\OneDrive\Escritorio\mascotas\Mascotas\proyecto_mascotas\core\services.py changed, reloading.
2025-12-16 08:57:09,475 - C:\Users\bgrey\OneDrive\Escritorio\mascotas\Mascotas\proyecto_mascotas\core\services.py changed, reloading.
2025-12-16 08:57:12,352 - C:\Users\bgrey\OneDrive\Escritorio\mascotas\Mascotas\proyecto_mascotas\core\services.py changed, reloading.
2025-12-16 08:57:25,445 - C:\Users\bgrey\OneDrive\Escritorio\mascotas\Mascotas\proyecto_mascotas\core\services.py changed, reloading.
2025-12-16 08:57:34,426 - C:\Users\bgrey\OneDrive\Escritorio\mascotas\Mascotas\proyecto_mascotas\core\services.py changed, reloading.
2025-12-16 08:57:52,970 - C:\Users\bgrey\OneDrive\Escritorio\mascotas\Mascotas\proyecto_mascotas\core\services.py changed, reloading.
2025-12-16 08:58:05,714 - C:\Users\bgrey\OneDrive\Escritorio\mascotas\Mascotas\proyecto_mascotas\core\services.py changed, reloading.
2025-12-16 08:58:07,640 - C:\Users\bgrey\OneDrive\Escritorio\mascotas\Mascotas\proyecto_mascotas\core\services.py changed, reloading.
2025-12-16 08:58:09,530 - C:\Users\bgrey\OneDrive\Escritorio\mascotas\Mascotas\proyecto_mascotas\core\services.py changed, reloading.
2025-12-16 08:58:11,451 - C:\Users\bgrey\OneDrive\Escritorio\mascotas\Mascotas\proyecto_mascotas\core\services.py changed, reloading.
2025-12-16 08:58:17,421 - C:\Users\bgrey\OneDrive\Escritorio\mascotas\Mascotas\proyecto_mascotas\core\services.py changed, reloading.
2025-12-16 08:58:22,406 - C:\Users\bgrey\OneDrive\Escritorio\mascotas\Mascotas\proyecto_mascotas\core\services.py changed, reloading.
2025-12-16 08:58:28,309 - C:\Users\bgrey\OneDrive\Escritorio\mascotas\Mascotas\proyecto_mascotas\core\services.py changed, reloading.
2025-12-16 08:58:30,160 - C:\Users\bgrey\OneDrive\Escritorio\mascotas\Mascotas\proyecto_mascotas\core\services.py changed, reloading.
2025-12-16 08:58:32,067 - C:\Users\bgrey\OneDrive\Escritorio\mascotas\Mascotas\proyecto_mascotas\core\services.py changed, reloading.
2025-12-16 08:59:03,403 - C:\Users\bgrey\OneDrive\Escritorio\mascotas\Mascotas\proyecto_mascotas\core\services.py changed, reloading.
2025-12-16 09:01:02,171 - Not Found: /.well-known/appspecific/com.chrome.devtools.json
